[2017-11-05 13:02:45.229] -- [DEBUG] -- [main >>>> LogFactory.java:135 >>>> Method = setImplementation] -- [Content = Logging initialized using 'class org.apache.ibatis.logging.slf4j.Slf4jImpl' adapter.]
[2017-11-05 13:02:45.342] -- [DEBUG] -- [main >>>> SqlSessionFactoryBean.java:458 >>>> Method = buildSqlSessionFactory] -- [Content = Parsed configuration file: 'class path resource [mybatis/mybatis-config.xml]']
[2017-11-05 13:02:45.415] -- [DEBUG] -- [main >>>> SqlSessionFactoryBean.java:490 >>>> Method = buildSqlSessionFactory] -- [Content = Parsed mapper file: 'file [/ideaProject/Basic-Single-Module-SSM-master/target/classes/module/user/mapper/SysUserMapper.xml]']
[2017-11-05 13:02:45.603] -- [DEBUG] -- [main >>>> SqlSessionUtils.java:99 >>>> Method = getSqlSession] -- [Content = Creating a new SqlSession]
[2017-11-05 13:02:45.609] -- [DEBUG] -- [main >>>> SqlSessionUtils.java:130 >>>> Method = registerSessionHolder] -- [Content = Registering transaction synchronization for SqlSession [org.apache.ibatis.session.defaults.DefaultSqlSession@4b7e96a]]
[2017-11-05 13:02:45.622] -- [DEBUG] -- [main >>>> SpringManagedTransaction.java:87 >>>> Method = openConnection] -- [Content = JDBC Connection [com.alibaba.druid.proxy.jdbc.ConnectionProxyImpl@2a2c13a8] will be managed by Spring]
[2017-11-05 13:02:45.628] -- [DEBUG] -- [main >>>> BaseJdbcLogger.java:145 >>>> Method = debug] -- [Content = ==>  Preparing: select `sys_user_id`, `sys_user_login_name`, `sys_user_login_password`, `sys_user_status`, `sys_user_is_delete`, `sys_user_register_datetime`, `sys_user_register_source`, `sys_user_type`, `sys_user_sex`, `sys_user_is_email_active`, `sys_user_is_mobile_active`, `sys_user_register_type`, `sys_user_pay_passwrod`, `sys_user_icon`, `sys_user_real_name`, `sys_user_email`, `sys_user_mobile`, `sys_user_weibo_id`, `sys_user_qq_id` from sys_user where `sys_user_id` = ? ]
[2017-11-05 13:02:45.670] -- [DEBUG] -- [main >>>> BaseJdbcLogger.java:145 >>>> Method = debug] -- [Content = ==> Parameters: 1(Long)]
[2017-11-05 13:02:45.697] -- [TRACE] -- [main >>>> BaseJdbcLogger.java:151 >>>> Method = trace] -- [Content = <==    Columns: sys_user_id, sys_user_login_name, sys_user_login_password, sys_user_status, sys_user_is_delete, sys_user_register_datetime, sys_user_register_source, sys_user_type, sys_user_sex, sys_user_is_email_active, sys_user_is_mobile_active, sys_user_register_type, sys_user_pay_passwrod, sys_user_icon, sys_user_real_name, sys_user_email, sys_user_mobile, sys_user_weibo_id, sys_user_qq_id]
[2017-11-05 13:02:45.701] -- [TRACE] -- [main >>>> BaseJdbcLogger.java:151 >>>> Method = trace] -- [Content = <==        Row: 1, YouMeek1, e10adc3949ba59abbe56e057f20f883e, 0, N, 2016-02-24 00:12:23.0, 0, 0, 0, Y, Y, 0, e10adc3949ba59abbe56e057f20f883e, , 张觉恩1, 363379441@qq.com, 13800000001, , ]
[2017-11-05 13:02:45.706] -- [DEBUG] -- [main >>>> BaseJdbcLogger.java:145 >>>> Method = debug] -- [Content = <==      Total: 1]
[2017-11-05 13:02:45.707] -- [DEBUG] -- [main >>>> SqlSessionUtils.java:188 >>>> Method = closeSqlSession] -- [Content = Releasing transactional SqlSession [org.apache.ibatis.session.defaults.DefaultSqlSession@4b7e96a]]
[2017-11-05 13:02:45.708] -- [DEBUG] -- [main >>>> SqlSessionUtils.java:312 >>>> Method = beforeCompletion] -- [Content = Transaction synchronization deregistering SqlSession [org.apache.ibatis.session.defaults.DefaultSqlSession@4b7e96a]]
[2017-11-05 13:02:45.708] -- [DEBUG] -- [main >>>> SqlSessionUtils.java:317 >>>> Method = beforeCompletion] -- [Content = Transaction synchronization closing SqlSession [org.apache.ibatis.session.defaults.DefaultSqlSession@4b7e96a]]
[2017-11-05 13:03:15.541] -- [DEBUG] -- [main >>>> LogFactory.java:135 >>>> Method = setImplementation] -- [Content = Logging initialized using 'class org.apache.ibatis.logging.slf4j.Slf4jImpl' adapter.]
[2017-11-05 13:03:15.713] -- [DEBUG] -- [main >>>> SqlSessionFactoryBean.java:458 >>>> Method = buildSqlSessionFactory] -- [Content = Parsed configuration file: 'class path resource [mybatis/mybatis-config.xml]']
[2017-11-05 13:03:15.815] -- [DEBUG] -- [main >>>> SqlSessionFactoryBean.java:490 >>>> Method = buildSqlSessionFactory] -- [Content = Parsed mapper file: 'file [/ideaProject/Basic-Single-Module-SSM-master/target/classes/module/user/mapper/SysUserMapper.xml]']
[2017-11-05 13:03:16.004] -- [DEBUG] -- [main >>>> SqlSessionUtils.java:99 >>>> Method = getSqlSession] -- [Content = Creating a new SqlSession]
[2017-11-05 13:03:16.009] -- [DEBUG] -- [main >>>> SqlSessionUtils.java:130 >>>> Method = registerSessionHolder] -- [Content = Registering transaction synchronization for SqlSession [org.apache.ibatis.session.defaults.DefaultSqlSession@4b7e96a]]
[2017-11-05 13:03:16.023] -- [DEBUG] -- [main >>>> SpringManagedTransaction.java:87 >>>> Method = openConnection] -- [Content = JDBC Connection [com.alibaba.druid.proxy.jdbc.ConnectionProxyImpl@2a2c13a8] will be managed by Spring]
[2017-11-05 13:03:16.028] -- [DEBUG] -- [main >>>> BaseJdbcLogger.java:145 >>>> Method = debug] -- [Content = ==>  Preparing: select `sys_user_id`, `sys_user_login_name`, `sys_user_login_password`, `sys_user_status`, `sys_user_is_delete`, `sys_user_register_datetime`, `sys_user_register_source`, `sys_user_type`, `sys_user_sex`, `sys_user_is_email_active`, `sys_user_is_mobile_active`, `sys_user_register_type`, `sys_user_pay_passwrod`, `sys_user_icon`, `sys_user_real_name`, `sys_user_email`, `sys_user_mobile`, `sys_user_weibo_id`, `sys_user_qq_id` from sys_user where `sys_user_id` = ? ]
[2017-11-05 13:03:16.064] -- [DEBUG] -- [main >>>> BaseJdbcLogger.java:145 >>>> Method = debug] -- [Content = ==> Parameters: 1(Long)]
[2017-11-05 13:03:16.085] -- [TRACE] -- [main >>>> BaseJdbcLogger.java:151 >>>> Method = trace] -- [Content = <==    Columns: sys_user_id, sys_user_login_name, sys_user_login_password, sys_user_status, sys_user_is_delete, sys_user_register_datetime, sys_user_register_source, sys_user_type, sys_user_sex, sys_user_is_email_active, sys_user_is_mobile_active, sys_user_register_type, sys_user_pay_passwrod, sys_user_icon, sys_user_real_name, sys_user_email, sys_user_mobile, sys_user_weibo_id, sys_user_qq_id]
[2017-11-05 13:03:16.090] -- [TRACE] -- [main >>>> BaseJdbcLogger.java:151 >>>> Method = trace] -- [Content = <==        Row: 1, YouMeek1, e10adc3949ba59abbe56e057f20f883e, 0, N, 2016-02-24 00:12:23.0, 0, 0, 0, Y, Y, 0, e10adc3949ba59abbe56e057f20f883e, , 张觉恩1, 363379441@qq.com, 13800000001, , ]
[2017-11-05 13:03:16.094] -- [DEBUG] -- [main >>>> BaseJdbcLogger.java:145 >>>> Method = debug] -- [Content = <==      Total: 1]
[2017-11-05 13:03:16.095] -- [DEBUG] -- [main >>>> SqlSessionUtils.java:188 >>>> Method = closeSqlSession] -- [Content = Releasing transactional SqlSession [org.apache.ibatis.session.defaults.DefaultSqlSession@4b7e96a]]
[2017-11-05 13:03:16.096] -- [DEBUG] -- [main >>>> SqlSessionUtils.java:312 >>>> Method = beforeCompletion] -- [Content = Transaction synchronization deregistering SqlSession [org.apache.ibatis.session.defaults.DefaultSqlSession@4b7e96a]]
[2017-11-05 13:03:16.097] -- [DEBUG] -- [main >>>> SqlSessionUtils.java:317 >>>> Method = beforeCompletion] -- [Content = Transaction synchronization closing SqlSession [org.apache.ibatis.session.defaults.DefaultSqlSession@4b7e96a]]
[2017-11-05 14:29:48.691] -- [DEBUG] -- [main >>>> LogFactory.java:135 >>>> Method = setImplementation] -- [Content = Logging initialized using 'class org.apache.ibatis.logging.slf4j.Slf4jImpl' adapter.]
[2017-11-05 14:29:48.767] -- [DEBUG] -- [main >>>> SqlSessionFactoryBean.java:458 >>>> Method = buildSqlSessionFactory] -- [Content = Parsed configuration file: 'class path resource [mybatis/mybatis-config.xml]']
[2017-11-05 14:29:48.831] -- [DEBUG] -- [main >>>> SqlSessionFactoryBean.java:490 >>>> Method = buildSqlSessionFactory] -- [Content = Parsed mapper file: 'file [/ideaProject/Basic-Single-Module-SSM-master/target/classes/module/user/mapper/SysUserMapper.xml]']
[2017-11-05 14:29:49.009] -- [DEBUG] -- [main >>>> SqlSessionUtils.java:99 >>>> Method = getSqlSession] -- [Content = Creating a new SqlSession]
[2017-11-05 14:29:49.014] -- [DEBUG] -- [main >>>> SqlSessionUtils.java:130 >>>> Method = registerSessionHolder] -- [Content = Registering transaction synchronization for SqlSession [org.apache.ibatis.session.defaults.DefaultSqlSession@20f12539]]
[2017-11-05 14:29:49.031] -- [DEBUG] -- [main >>>> SpringManagedTransaction.java:87 >>>> Method = openConnection] -- [Content = JDBC Connection [com.alibaba.druid.proxy.jdbc.ConnectionProxyImpl@607fbe09] will be managed by Spring]
[2017-11-05 14:29:49.035] -- [DEBUG] -- [main >>>> BaseJdbcLogger.java:145 >>>> Method = debug] -- [Content = ==>  Preparing: select `sys_user_id`, `sys_user_login_name`, `sys_user_login_password`, `sys_user_status`, `sys_user_is_delete`, `sys_user_register_datetime`, `sys_user_register_source`, `sys_user_type`, `sys_user_sex`, `sys_user_is_email_active`, `sys_user_is_mobile_active`, `sys_user_register_type`, `sys_user_pay_passwrod`, `sys_user_icon`, `sys_user_real_name`, `sys_user_email`, `sys_user_mobile`, `sys_user_weibo_id`, `sys_user_qq_id` from sys_user where `sys_user_id` = ? ]
[2017-11-05 14:29:49.068] -- [DEBUG] -- [main >>>> BaseJdbcLogger.java:145 >>>> Method = debug] -- [Content = ==> Parameters: 1(Long)]
[2017-11-05 14:29:49.085] -- [TRACE] -- [main >>>> BaseJdbcLogger.java:151 >>>> Method = trace] -- [Content = <==    Columns: sys_user_id, sys_user_login_name, sys_user_login_password, sys_user_status, sys_user_is_delete, sys_user_register_datetime, sys_user_register_source, sys_user_type, sys_user_sex, sys_user_is_email_active, sys_user_is_mobile_active, sys_user_register_type, sys_user_pay_passwrod, sys_user_icon, sys_user_real_name, sys_user_email, sys_user_mobile, sys_user_weibo_id, sys_user_qq_id]
[2017-11-05 14:29:49.089] -- [TRACE] -- [main >>>> BaseJdbcLogger.java:151 >>>> Method = trace] -- [Content = <==        Row: 1, YouMeek1, e10adc3949ba59abbe56e057f20f883e, 0, N, 2016-02-24 00:12:23.0, 0, 0, 0, Y, Y, 0, e10adc3949ba59abbe56e057f20f883e, , 张觉恩1, 363379441@qq.com, 13800000001, , ]
[2017-11-05 14:29:49.093] -- [DEBUG] -- [main >>>> BaseJdbcLogger.java:145 >>>> Method = debug] -- [Content = <==      Total: 1]
[2017-11-05 14:29:49.094] -- [DEBUG] -- [main >>>> SqlSessionUtils.java:188 >>>> Method = closeSqlSession] -- [Content = Releasing transactional SqlSession [org.apache.ibatis.session.defaults.DefaultSqlSession@20f12539]]
[2017-11-05 14:29:49.095] -- [DEBUG] -- [main >>>> SqlSessionUtils.java:312 >>>> Method = beforeCompletion] -- [Content = Transaction synchronization deregistering SqlSession [org.apache.ibatis.session.defaults.DefaultSqlSession@20f12539]]
[2017-11-05 14:29:49.095] -- [DEBUG] -- [main >>>> SqlSessionUtils.java:317 >>>> Method = beforeCompletion] -- [Content = Transaction synchronization closing SqlSession [org.apache.ibatis.session.defaults.DefaultSqlSession@20f12539]]
[2017-11-05 14:31:08.269] -- [DEBUG] -- [main >>>> LogFactory.java:135 >>>> Method = setImplementation] -- [Content = Logging initialized using 'class org.apache.ibatis.logging.slf4j.Slf4jImpl' adapter.]
[2017-11-05 14:31:08.388] -- [DEBUG] -- [main >>>> SqlSessionFactoryBean.java:458 >>>> Method = buildSqlSessionFactory] -- [Content = Parsed configuration file: 'class path resource [mybatis/mybatis-config.xml]']
[2017-11-05 14:31:08.469] -- [DEBUG] -- [main >>>> SqlSessionFactoryBean.java:490 >>>> Method = buildSqlSessionFactory] -- [Content = Parsed mapper file: 'file [/ideaProject/Basic-Single-Module-SSM-master/target/classes/module/user/mapper/SysUserMapper.xml]']
[2017-11-05 14:31:08.676] -- [DEBUG] -- [main >>>> SqlSessionUtils.java:99 >>>> Method = getSqlSession] -- [Content = Creating a new SqlSession]
[2017-11-05 14:31:08.683] -- [DEBUG] -- [main >>>> SqlSessionUtils.java:130 >>>> Method = registerSessionHolder] -- [Content = Registering transaction synchronization for SqlSession [org.apache.ibatis.session.defaults.DefaultSqlSession@20f12539]]
[2017-11-05 14:31:08.699] -- [DEBUG] -- [main >>>> SpringManagedTransaction.java:87 >>>> Method = openConnection] -- [Content = JDBC Connection [com.alibaba.druid.proxy.jdbc.ConnectionProxyImpl@607fbe09] will be managed by Spring]
[2017-11-05 14:31:08.705] -- [DEBUG] -- [main >>>> BaseJdbcLogger.java:145 >>>> Method = debug] -- [Content = ==>  Preparing: select `sys_user_id`, `sys_user_login_name`, `sys_user_login_password`, `sys_user_status`, `sys_user_is_delete`, `sys_user_register_datetime`, `sys_user_register_source`, `sys_user_type`, `sys_user_sex`, `sys_user_is_email_active`, `sys_user_is_mobile_active`, `sys_user_register_type`, `sys_user_pay_passwrod`, `sys_user_icon`, `sys_user_real_name`, `sys_user_email`, `sys_user_mobile`, `sys_user_weibo_id`, `sys_user_qq_id` from sys_user where `sys_user_id` = ? ]
[2017-11-05 14:31:08.750] -- [DEBUG] -- [main >>>> BaseJdbcLogger.java:145 >>>> Method = debug] -- [Content = ==> Parameters: 1(Long)]
[2017-11-05 14:31:08.774] -- [TRACE] -- [main >>>> BaseJdbcLogger.java:151 >>>> Method = trace] -- [Content = <==    Columns: sys_user_id, sys_user_login_name, sys_user_login_password, sys_user_status, sys_user_is_delete, sys_user_register_datetime, sys_user_register_source, sys_user_type, sys_user_sex, sys_user_is_email_active, sys_user_is_mobile_active, sys_user_register_type, sys_user_pay_passwrod, sys_user_icon, sys_user_real_name, sys_user_email, sys_user_mobile, sys_user_weibo_id, sys_user_qq_id]
[2017-11-05 14:31:08.780] -- [TRACE] -- [main >>>> BaseJdbcLogger.java:151 >>>> Method = trace] -- [Content = <==        Row: 1, YouMeek1, e10adc3949ba59abbe56e057f20f883e, 0, N, 2016-02-24 00:12:23.0, 0, 0, 0, Y, Y, 0, e10adc3949ba59abbe56e057f20f883e, , 张觉恩1, 363379441@qq.com, 13800000001, , ]
[2017-11-05 14:31:08.787] -- [DEBUG] -- [main >>>> BaseJdbcLogger.java:145 >>>> Method = debug] -- [Content = <==      Total: 1]
[2017-11-05 14:31:08.789] -- [DEBUG] -- [main >>>> SqlSessionUtils.java:188 >>>> Method = closeSqlSession] -- [Content = Releasing transactional SqlSession [org.apache.ibatis.session.defaults.DefaultSqlSession@20f12539]]
[2017-11-05 14:31:08.789] -- [DEBUG] -- [main >>>> SqlSessionUtils.java:312 >>>> Method = beforeCompletion] -- [Content = Transaction synchronization deregistering SqlSession [org.apache.ibatis.session.defaults.DefaultSqlSession@20f12539]]
[2017-11-05 14:31:08.789] -- [DEBUG] -- [main >>>> SqlSessionUtils.java:317 >>>> Method = beforeCompletion] -- [Content = Transaction synchronization closing SqlSession [org.apache.ibatis.session.defaults.DefaultSqlSession@20f12539]]
[2017-11-05 14:53:11.149] -- [DEBUG] -- [localhost-startStop-1 >>>> LogFactory.java:135 >>>> Method = setImplementation] -- [Content = Logging initialized using 'class org.apache.ibatis.logging.slf4j.Slf4jImpl' adapter.]
[2017-11-05 14:53:11.251] -- [DEBUG] -- [localhost-startStop-1 >>>> SqlSessionFactoryBean.java:458 >>>> Method = buildSqlSessionFactory] -- [Content = Parsed configuration file: 'class path resource [mybatis/mybatis-config.xml]']
[2017-11-05 14:53:11.318] -- [DEBUG] -- [localhost-startStop-1 >>>> SqlSessionFactoryBean.java:490 >>>> Method = buildSqlSessionFactory] -- [Content = Parsed mapper file: 'file [/ideaProject/Basic-Single-Module-SSM-master/target/classes/module/user/mapper/SysUserMapper.xml]']
[2017-11-05 15:32:59.259] -- [DEBUG] -- [localhost-startStop-1 >>>> LogFactory.java:135 >>>> Method = setImplementation] -- [Content = Logging initialized using 'class org.apache.ibatis.logging.slf4j.Slf4jImpl' adapter.]
[2017-11-05 15:32:59.338] -- [DEBUG] -- [localhost-startStop-1 >>>> SqlSessionFactoryBean.java:458 >>>> Method = buildSqlSessionFactory] -- [Content = Parsed configuration file: 'class path resource [mybatis/mybatis-config.xml]']
[2017-11-05 15:32:59.414] -- [DEBUG] -- [localhost-startStop-1 >>>> SqlSessionFactoryBean.java:490 >>>> Method = buildSqlSessionFactory] -- [Content = Parsed mapper file: 'file [/ideaProject/Basic-Single-Module-SSM-master/target/classes/module/user/mapper/SysUserMapper.xml]']
[2017-11-05 15:34:20.841] -- [DEBUG] -- [http-bio-8080-exec-2 >>>> SqlSessionUtils.java:99 >>>> Method = getSqlSession] -- [Content = Creating a new SqlSession]
[2017-11-05 15:34:20.846] -- [DEBUG] -- [http-bio-8080-exec-2 >>>> SqlSessionUtils.java:130 >>>> Method = registerSessionHolder] -- [Content = Registering transaction synchronization for SqlSession [org.apache.ibatis.session.defaults.DefaultSqlSession@566f7113]]
[2017-11-05 15:34:20.860] -- [DEBUG] -- [http-bio-8080-exec-2 >>>> SpringManagedTransaction.java:87 >>>> Method = openConnection] -- [Content = JDBC Connection [com.alibaba.druid.proxy.jdbc.ConnectionProxyImpl@af1f990] will be managed by Spring]
[2017-11-05 15:34:20.864] -- [DEBUG] -- [http-bio-8080-exec-2 >>>> BaseJdbcLogger.java:145 >>>> Method = debug] -- [Content = ==>  Preparing: select `sys_user_id`, `sys_user_login_name`, `sys_user_login_password`, `sys_user_status`, `sys_user_is_delete`, `sys_user_register_datetime`, `sys_user_register_source`, `sys_user_type`, `sys_user_sex`, `sys_user_is_email_active`, `sys_user_is_mobile_active`, `sys_user_register_type`, `sys_user_pay_passwrod`, `sys_user_icon`, `sys_user_real_name`, `sys_user_email`, `sys_user_mobile`, `sys_user_weibo_id`, `sys_user_qq_id` from sys_user where `sys_user_id` = ? ]
[2017-11-05 15:34:20.890] -- [DEBUG] -- [http-bio-8080-exec-2 >>>> BaseJdbcLogger.java:145 >>>> Method = debug] -- [Content = ==> Parameters: 1(Long)]
[2017-11-05 15:34:20.911] -- [TRACE] -- [http-bio-8080-exec-2 >>>> BaseJdbcLogger.java:151 >>>> Method = trace] -- [Content = <==    Columns: sys_user_id, sys_user_login_name, sys_user_login_password, sys_user_status, sys_user_is_delete, sys_user_register_datetime, sys_user_register_source, sys_user_type, sys_user_sex, sys_user_is_email_active, sys_user_is_mobile_active, sys_user_register_type, sys_user_pay_passwrod, sys_user_icon, sys_user_real_name, sys_user_email, sys_user_mobile, sys_user_weibo_id, sys_user_qq_id]
[2017-11-05 15:34:20.912] -- [TRACE] -- [http-bio-8080-exec-2 >>>> BaseJdbcLogger.java:151 >>>> Method = trace] -- [Content = <==        Row: 1, YouMeek1, e10adc3949ba59abbe56e057f20f883e, 0, N, 2016-02-24 00:12:23.0, 0, 0, 0, Y, Y, 0, e10adc3949ba59abbe56e057f20f883e, , 张觉恩1, 363379441@qq.com, 13800000001, , ]
[2017-11-05 15:34:20.915] -- [DEBUG] -- [http-bio-8080-exec-2 >>>> BaseJdbcLogger.java:145 >>>> Method = debug] -- [Content = <==      Total: 1]
[2017-11-05 15:34:20.917] -- [DEBUG] -- [http-bio-8080-exec-2 >>>> SqlSessionUtils.java:188 >>>> Method = closeSqlSession] -- [Content = Releasing transactional SqlSession [org.apache.ibatis.session.defaults.DefaultSqlSession@566f7113]]
[2017-11-05 15:34:20.917] -- [DEBUG] -- [http-bio-8080-exec-2 >>>> SqlSessionUtils.java:312 >>>> Method = beforeCompletion] -- [Content = Transaction synchronization deregistering SqlSession [org.apache.ibatis.session.defaults.DefaultSqlSession@566f7113]]
[2017-11-05 15:34:20.917] -- [DEBUG] -- [http-bio-8080-exec-2 >>>> SqlSessionUtils.java:317 >>>> Method = beforeCompletion] -- [Content = Transaction synchronization closing SqlSession [org.apache.ibatis.session.defaults.DefaultSqlSession@566f7113]]
[2017-11-05 15:34:24.566] -- [DEBUG] -- [http-bio-8080-exec-6 >>>> SqlSessionUtils.java:99 >>>> Method = getSqlSession] -- [Content = Creating a new SqlSession]
[2017-11-05 15:34:24.566] -- [DEBUG] -- [http-bio-8080-exec-6 >>>> SqlSessionUtils.java:130 >>>> Method = registerSessionHolder] -- [Content = Registering transaction synchronization for SqlSession [org.apache.ibatis.session.defaults.DefaultSqlSession@6370ea45]]
[2017-11-05 15:34:24.567] -- [DEBUG] -- [http-bio-8080-exec-6 >>>> SpringManagedTransaction.java:87 >>>> Method = openConnection] -- [Content = JDBC Connection [com.alibaba.druid.proxy.jdbc.ConnectionProxyImpl@af1f990] will be managed by Spring]
[2017-11-05 15:34:24.567] -- [DEBUG] -- [http-bio-8080-exec-6 >>>> BaseJdbcLogger.java:145 >>>> Method = debug] -- [Content = ==>  Preparing: select `sys_user_id`, `sys_user_login_name`, `sys_user_login_password`, `sys_user_status`, `sys_user_is_delete`, `sys_user_register_datetime`, `sys_user_register_source`, `sys_user_type`, `sys_user_sex`, `sys_user_is_email_active`, `sys_user_is_mobile_active`, `sys_user_register_type`, `sys_user_pay_passwrod`, `sys_user_icon`, `sys_user_real_name`, `sys_user_email`, `sys_user_mobile`, `sys_user_weibo_id`, `sys_user_qq_id` from sys_user where `sys_user_id` = ? ]
[2017-11-05 15:34:24.568] -- [DEBUG] -- [http-bio-8080-exec-6 >>>> BaseJdbcLogger.java:145 >>>> Method = debug] -- [Content = ==> Parameters: 1(Long)]
[2017-11-05 15:34:24.571] -- [TRACE] -- [http-bio-8080-exec-6 >>>> BaseJdbcLogger.java:151 >>>> Method = trace] -- [Content = <==    Columns: sys_user_id, sys_user_login_name, sys_user_login_password, sys_user_status, sys_user_is_delete, sys_user_register_datetime, sys_user_register_source, sys_user_type, sys_user_sex, sys_user_is_email_active, sys_user_is_mobile_active, sys_user_register_type, sys_user_pay_passwrod, sys_user_icon, sys_user_real_name, sys_user_email, sys_user_mobile, sys_user_weibo_id, sys_user_qq_id]
[2017-11-05 15:34:24.572] -- [TRACE] -- [http-bio-8080-exec-6 >>>> BaseJdbcLogger.java:151 >>>> Method = trace] -- [Content = <==        Row: 1, YouMeek1, e10adc3949ba59abbe56e057f20f883e, 0, N, 2016-02-24 00:12:23.0, 0, 0, 0, Y, Y, 0, e10adc3949ba59abbe56e057f20f883e, , 张觉恩1, 363379441@qq.com, 13800000001, , ]
[2017-11-05 15:34:24.573] -- [DEBUG] -- [http-bio-8080-exec-6 >>>> BaseJdbcLogger.java:145 >>>> Method = debug] -- [Content = <==      Total: 1]
[2017-11-05 15:34:24.573] -- [DEBUG] -- [http-bio-8080-exec-6 >>>> SqlSessionUtils.java:188 >>>> Method = closeSqlSession] -- [Content = Releasing transactional SqlSession [org.apache.ibatis.session.defaults.DefaultSqlSession@6370ea45]]
[2017-11-05 15:34:24.574] -- [DEBUG] -- [http-bio-8080-exec-6 >>>> SqlSessionUtils.java:312 >>>> Method = beforeCompletion] -- [Content = Transaction synchronization deregistering SqlSession [org.apache.ibatis.session.defaults.DefaultSqlSession@6370ea45]]
[2017-11-05 15:34:24.574] -- [DEBUG] -- [http-bio-8080-exec-6 >>>> SqlSessionUtils.java:317 >>>> Method = beforeCompletion] -- [Content = Transaction synchronization closing SqlSession [org.apache.ibatis.session.defaults.DefaultSqlSession@6370ea45]]
[2017-11-05 15:37:22.300] -- [DEBUG] -- [localhost-startStop-1 >>>> LogFactory.java:135 >>>> Method = setImplementation] -- [Content = Logging initialized using 'class org.apache.ibatis.logging.slf4j.Slf4jImpl' adapter.]
[2017-11-05 15:37:22.378] -- [DEBUG] -- [localhost-startStop-1 >>>> SqlSessionFactoryBean.java:458 >>>> Method = buildSqlSessionFactory] -- [Content = Parsed configuration file: 'class path resource [mybatis/mybatis-config.xml]']
[2017-11-05 15:37:22.445] -- [DEBUG] -- [localhost-startStop-1 >>>> SqlSessionFactoryBean.java:490 >>>> Method = buildSqlSessionFactory] -- [Content = Parsed mapper file: 'file [/ideaProject/Basic-Single-Module-SSM-master/target/classes/module/user/mapper/SysUserMapper.xml]']
[2017-11-05 15:37:46.317] -- [DEBUG] -- [localhost-startStop-1 >>>> LogFactory.java:135 >>>> Method = setImplementation] -- [Content = Logging initialized using 'class org.apache.ibatis.logging.slf4j.Slf4jImpl' adapter.]
[2017-11-05 15:37:46.396] -- [DEBUG] -- [localhost-startStop-1 >>>> SqlSessionFactoryBean.java:458 >>>> Method = buildSqlSessionFactory] -- [Content = Parsed configuration file: 'class path resource [mybatis/mybatis-config.xml]']
[2017-11-05 15:37:46.465] -- [DEBUG] -- [localhost-startStop-1 >>>> SqlSessionFactoryBean.java:490 >>>> Method = buildSqlSessionFactory] -- [Content = Parsed mapper file: 'file [/ideaProject/Basic-Single-Module-SSM-master/target/classes/module/user/mapper/SysUserMapper.xml]']
[2017-11-05 15:39:03.584] -- [DEBUG] -- [http-bio-8080-exec-2 >>>> SqlSessionUtils.java:99 >>>> Method = getSqlSession] -- [Content = Creating a new SqlSession]
[2017-11-05 15:39:03.594] -- [DEBUG] -- [http-bio-8080-exec-2 >>>> SqlSessionUtils.java:130 >>>> Method = registerSessionHolder] -- [Content = Registering transaction synchronization for SqlSession [org.apache.ibatis.session.defaults.DefaultSqlSession@41f0b8c9]]
[2017-11-05 15:39:03.617] -- [DEBUG] -- [http-bio-8080-exec-2 >>>> SpringManagedTransaction.java:87 >>>> Method = openConnection] -- [Content = JDBC Connection [com.alibaba.druid.proxy.jdbc.ConnectionProxyImpl@5ed78435] will be managed by Spring]
[2017-11-05 15:39:03.621] -- [DEBUG] -- [http-bio-8080-exec-2 >>>> BaseJdbcLogger.java:145 >>>> Method = debug] -- [Content = ==>  Preparing: select `sys_user_id`, `sys_user_login_name`, `sys_user_login_password`, `sys_user_status`, `sys_user_is_delete`, `sys_user_register_datetime`, `sys_user_register_source`, `sys_user_type`, `sys_user_sex`, `sys_user_is_email_active`, `sys_user_is_mobile_active`, `sys_user_register_type`, `sys_user_pay_passwrod`, `sys_user_icon`, `sys_user_real_name`, `sys_user_email`, `sys_user_mobile`, `sys_user_weibo_id`, `sys_user_qq_id` from sys_user where `sys_user_id` = ? ]
[2017-11-05 15:39:03.655] -- [DEBUG] -- [http-bio-8080-exec-2 >>>> BaseJdbcLogger.java:145 >>>> Method = debug] -- [Content = ==> Parameters: 1(Long)]
[2017-11-05 15:39:03.686] -- [TRACE] -- [http-bio-8080-exec-2 >>>> BaseJdbcLogger.java:151 >>>> Method = trace] -- [Content = <==    Columns: sys_user_id, sys_user_login_name, sys_user_login_password, sys_user_status, sys_user_is_delete, sys_user_register_datetime, sys_user_register_source, sys_user_type, sys_user_sex, sys_user_is_email_active, sys_user_is_mobile_active, sys_user_register_type, sys_user_pay_passwrod, sys_user_icon, sys_user_real_name, sys_user_email, sys_user_mobile, sys_user_weibo_id, sys_user_qq_id]
[2017-11-05 15:39:03.687] -- [TRACE] -- [http-bio-8080-exec-2 >>>> BaseJdbcLogger.java:151 >>>> Method = trace] -- [Content = <==        Row: 1, YouMeek1, e10adc3949ba59abbe56e057f20f883e, 0, N, 2016-02-24 00:12:23.0, 0, 0, 0, Y, Y, 0, e10adc3949ba59abbe56e057f20f883e, , 张觉恩1, 363379441@qq.com, 13800000001, , ]
[2017-11-05 15:39:03.691] -- [DEBUG] -- [http-bio-8080-exec-2 >>>> BaseJdbcLogger.java:145 >>>> Method = debug] -- [Content = <==      Total: 1]
[2017-11-05 15:39:03.693] -- [DEBUG] -- [http-bio-8080-exec-2 >>>> SqlSessionUtils.java:188 >>>> Method = closeSqlSession] -- [Content = Releasing transactional SqlSession [org.apache.ibatis.session.defaults.DefaultSqlSession@41f0b8c9]]
[2017-11-05 15:39:03.695] -- [DEBUG] -- [http-bio-8080-exec-2 >>>> SqlSessionUtils.java:312 >>>> Method = beforeCompletion] -- [Content = Transaction synchronization deregistering SqlSession [org.apache.ibatis.session.defaults.DefaultSqlSession@41f0b8c9]]
[2017-11-05 15:39:03.695] -- [DEBUG] -- [http-bio-8080-exec-2 >>>> SqlSessionUtils.java:317 >>>> Method = beforeCompletion] -- [Content = Transaction synchronization closing SqlSession [org.apache.ibatis.session.defaults.DefaultSqlSession@41f0b8c9]]
[2017-11-05 15:39:30.281] -- [DEBUG] -- [http-bio-8080-exec-4 >>>> SqlSessionUtils.java:99 >>>> Method = getSqlSession] -- [Content = Creating a new SqlSession]
[2017-11-05 15:39:30.282] -- [DEBUG] -- [http-bio-8080-exec-4 >>>> SqlSessionUtils.java:130 >>>> Method = registerSessionHolder] -- [Content = Registering transaction synchronization for SqlSession [org.apache.ibatis.session.defaults.DefaultSqlSession@4fa498d1]]
[2017-11-05 15:39:30.283] -- [DEBUG] -- [http-bio-8080-exec-4 >>>> SpringManagedTransaction.java:87 >>>> Method = openConnection] -- [Content = JDBC Connection [com.alibaba.druid.proxy.jdbc.ConnectionProxyImpl@5ed78435] will be managed by Spring]
[2017-11-05 15:39:30.283] -- [DEBUG] -- [http-bio-8080-exec-4 >>>> BaseJdbcLogger.java:145 >>>> Method = debug] -- [Content = ==>  Preparing: select `sys_user_id`, `sys_user_login_name`, `sys_user_login_password`, `sys_user_status`, `sys_user_is_delete`, `sys_user_register_datetime`, `sys_user_register_source`, `sys_user_type`, `sys_user_sex`, `sys_user_is_email_active`, `sys_user_is_mobile_active`, `sys_user_register_type`, `sys_user_pay_passwrod`, `sys_user_icon`, `sys_user_real_name`, `sys_user_email`, `sys_user_mobile`, `sys_user_weibo_id`, `sys_user_qq_id` from sys_user where `sys_user_id` = ? ]
[2017-11-05 15:39:30.284] -- [DEBUG] -- [http-bio-8080-exec-4 >>>> BaseJdbcLogger.java:145 >>>> Method = debug] -- [Content = ==> Parameters: 1(Long)]
[2017-11-05 15:39:30.286] -- [TRACE] -- [http-bio-8080-exec-4 >>>> BaseJdbcLogger.java:151 >>>> Method = trace] -- [Content = <==    Columns: sys_user_id, sys_user_login_name, sys_user_login_password, sys_user_status, sys_user_is_delete, sys_user_register_datetime, sys_user_register_source, sys_user_type, sys_user_sex, sys_user_is_email_active, sys_user_is_mobile_active, sys_user_register_type, sys_user_pay_passwrod, sys_user_icon, sys_user_real_name, sys_user_email, sys_user_mobile, sys_user_weibo_id, sys_user_qq_id]
[2017-11-05 15:39:30.287] -- [TRACE] -- [http-bio-8080-exec-4 >>>> BaseJdbcLogger.java:151 >>>> Method = trace] -- [Content = <==        Row: 1, YouMeek1, e10adc3949ba59abbe56e057f20f883e, 0, N, 2016-02-24 00:12:23.0, 0, 0, 0, Y, Y, 0, e10adc3949ba59abbe56e057f20f883e, , 张觉恩1, 363379441@qq.com, 13800000001, , ]
[2017-11-05 15:39:30.289] -- [DEBUG] -- [http-bio-8080-exec-4 >>>> BaseJdbcLogger.java:145 >>>> Method = debug] -- [Content = <==      Total: 1]
[2017-11-05 15:39:30.289] -- [DEBUG] -- [http-bio-8080-exec-4 >>>> SqlSessionUtils.java:188 >>>> Method = closeSqlSession] -- [Content = Releasing transactional SqlSession [org.apache.ibatis.session.defaults.DefaultSqlSession@4fa498d1]]
[2017-11-05 15:39:30.289] -- [DEBUG] -- [http-bio-8080-exec-4 >>>> SqlSessionUtils.java:312 >>>> Method = beforeCompletion] -- [Content = Transaction synchronization deregistering SqlSession [org.apache.ibatis.session.defaults.DefaultSqlSession@4fa498d1]]
[2017-11-05 15:39:30.290] -- [DEBUG] -- [http-bio-8080-exec-4 >>>> SqlSessionUtils.java:317 >>>> Method = beforeCompletion] -- [Content = Transaction synchronization closing SqlSession [org.apache.ibatis.session.defaults.DefaultSqlSession@4fa498d1]]
[2017-11-05 15:40:13.137] -- [DEBUG] -- [localhost-startStop-1 >>>> LogFactory.java:135 >>>> Method = setImplementation] -- [Content = Logging initialized using 'class org.apache.ibatis.logging.slf4j.Slf4jImpl' adapter.]
[2017-11-05 15:40:13.226] -- [DEBUG] -- [localhost-startStop-1 >>>> SqlSessionFactoryBean.java:458 >>>> Method = buildSqlSessionFactory] -- [Content = Parsed configuration file: 'class path resource [mybatis/mybatis-config.xml]']
[2017-11-05 15:40:13.302] -- [DEBUG] -- [localhost-startStop-1 >>>> SqlSessionFactoryBean.java:490 >>>> Method = buildSqlSessionFactory] -- [Content = Parsed mapper file: 'file [/ideaProject/Basic-Single-Module-SSM-master/target/classes/module/user/mapper/SysUserMapper.xml]']
[2017-11-05 15:41:44.162] -- [DEBUG] -- [http-bio-8080-exec-2 >>>> SqlSessionUtils.java:99 >>>> Method = getSqlSession] -- [Content = Creating a new SqlSession]
[2017-11-05 15:41:44.172] -- [DEBUG] -- [http-bio-8080-exec-2 >>>> SqlSessionUtils.java:130 >>>> Method = registerSessionHolder] -- [Content = Registering transaction synchronization for SqlSession [org.apache.ibatis.session.defaults.DefaultSqlSession@41f0b8c9]]
[2017-11-05 15:41:44.200] -- [DEBUG] -- [http-bio-8080-exec-2 >>>> SpringManagedTransaction.java:87 >>>> Method = openConnection] -- [Content = JDBC Connection [com.alibaba.druid.proxy.jdbc.ConnectionProxyImpl@5ed78435] will be managed by Spring]
[2017-11-05 15:41:44.207] -- [DEBUG] -- [http-bio-8080-exec-2 >>>> BaseJdbcLogger.java:145 >>>> Method = debug] -- [Content = ==>  Preparing: select `sys_user_id`, `sys_user_login_name`, `sys_user_login_password`, `sys_user_status`, `sys_user_is_delete`, `sys_user_register_datetime`, `sys_user_register_source`, `sys_user_type`, `sys_user_sex`, `sys_user_is_email_active`, `sys_user_is_mobile_active`, `sys_user_register_type`, `sys_user_pay_passwrod`, `sys_user_icon`, `sys_user_real_name`, `sys_user_email`, `sys_user_mobile`, `sys_user_weibo_id`, `sys_user_qq_id` from sys_user where `sys_user_id` = ? ]
[2017-11-05 15:41:44.254] -- [DEBUG] -- [http-bio-8080-exec-2 >>>> BaseJdbcLogger.java:145 >>>> Method = debug] -- [Content = ==> Parameters: 1(Long)]
[2017-11-05 15:41:44.293] -- [TRACE] -- [http-bio-8080-exec-2 >>>> BaseJdbcLogger.java:151 >>>> Method = trace] -- [Content = <==    Columns: sys_user_id, sys_user_login_name, sys_user_login_password, sys_user_status, sys_user_is_delete, sys_user_register_datetime, sys_user_register_source, sys_user_type, sys_user_sex, sys_user_is_email_active, sys_user_is_mobile_active, sys_user_register_type, sys_user_pay_passwrod, sys_user_icon, sys_user_real_name, sys_user_email, sys_user_mobile, sys_user_weibo_id, sys_user_qq_id]
[2017-11-05 15:41:44.294] -- [TRACE] -- [http-bio-8080-exec-2 >>>> BaseJdbcLogger.java:151 >>>> Method = trace] -- [Content = <==        Row: 1, YouMeek1, e10adc3949ba59abbe56e057f20f883e, 0, N, 2016-02-24 00:12:23.0, 0, 0, 0, Y, Y, 0, e10adc3949ba59abbe56e057f20f883e, , 张觉恩1, 363379441@qq.com, 13800000001, , ]
[2017-11-05 15:41:44.300] -- [DEBUG] -- [http-bio-8080-exec-2 >>>> BaseJdbcLogger.java:145 >>>> Method = debug] -- [Content = <==      Total: 1]
[2017-11-05 15:41:44.301] -- [DEBUG] -- [http-bio-8080-exec-2 >>>> SqlSessionUtils.java:188 >>>> Method = closeSqlSession] -- [Content = Releasing transactional SqlSession [org.apache.ibatis.session.defaults.DefaultSqlSession@41f0b8c9]]
[2017-11-05 15:41:44.301] -- [DEBUG] -- [http-bio-8080-exec-2 >>>> SqlSessionUtils.java:312 >>>> Method = beforeCompletion] -- [Content = Transaction synchronization deregistering SqlSession [org.apache.ibatis.session.defaults.DefaultSqlSession@41f0b8c9]]
[2017-11-05 15:41:44.302] -- [DEBUG] -- [http-bio-8080-exec-2 >>>> SqlSessionUtils.java:317 >>>> Method = beforeCompletion] -- [Content = Transaction synchronization closing SqlSession [org.apache.ibatis.session.defaults.DefaultSqlSession@41f0b8c9]]
[2017-11-05 16:46:00.183] -- [DEBUG] -- [main >>>> LogFactory.java:135 >>>> Method = setImplementation] -- [Content = Logging initialized using 'class org.apache.ibatis.logging.slf4j.Slf4jImpl' adapter.]
[2017-11-05 16:46:00.297] -- [DEBUG] -- [main >>>> SqlSessionFactoryBean.java:458 >>>> Method = buildSqlSessionFactory] -- [Content = Parsed configuration file: 'class path resource [mybatis/mybatis-config.xml]']
[2017-11-05 16:46:00.376] -- [DEBUG] -- [main >>>> SqlSessionFactoryBean.java:490 >>>> Method = buildSqlSessionFactory] -- [Content = Parsed mapper file: 'file [/ideaProject/Basic-Single-Module-SSM-master/target/classes/module/user/mapper/SysUserMapper.xml]']
[2017-11-05 16:46:00.643] -- [DEBUG] -- [main >>>> SqlSessionUtils.java:99 >>>> Method = getSqlSession] -- [Content = Creating a new SqlSession]
[2017-11-05 16:46:00.650] -- [DEBUG] -- [main >>>> SqlSessionUtils.java:130 >>>> Method = registerSessionHolder] -- [Content = Registering transaction synchronization for SqlSession [org.apache.ibatis.session.defaults.DefaultSqlSession@20f12539]]
[2017-11-05 16:46:00.671] -- [DEBUG] -- [main >>>> SpringManagedTransaction.java:87 >>>> Method = openConnection] -- [Content = JDBC Connection [com.alibaba.druid.proxy.jdbc.ConnectionProxyImpl@607fbe09] will be managed by Spring]
[2017-11-05 16:46:00.678] -- [DEBUG] -- [main >>>> BaseJdbcLogger.java:145 >>>> Method = debug] -- [Content = ==>  Preparing: select `sys_user_id`, `sys_user_login_name`, `sys_user_login_password`, `sys_user_status`, `sys_user_is_delete`, `sys_user_register_datetime`, `sys_user_register_source`, `sys_user_type`, `sys_user_sex`, `sys_user_is_email_active`, `sys_user_is_mobile_active`, `sys_user_register_type`, `sys_user_pay_passwrod`, `sys_user_icon`, `sys_user_real_name`, `sys_user_email`, `sys_user_mobile`, `sys_user_weibo_id`, `sys_user_qq_id` from sys_user where `sys_user_id` = ? ]
[2017-11-05 16:46:00.730] -- [DEBUG] -- [main >>>> BaseJdbcLogger.java:145 >>>> Method = debug] -- [Content = ==> Parameters: 1(Long)]
[2017-11-05 16:46:00.752] -- [TRACE] -- [main >>>> BaseJdbcLogger.java:151 >>>> Method = trace] -- [Content = <==    Columns: sys_user_id, sys_user_login_name, sys_user_login_password, sys_user_status, sys_user_is_delete, sys_user_register_datetime, sys_user_register_source, sys_user_type, sys_user_sex, sys_user_is_email_active, sys_user_is_mobile_active, sys_user_register_type, sys_user_pay_passwrod, sys_user_icon, sys_user_real_name, sys_user_email, sys_user_mobile, sys_user_weibo_id, sys_user_qq_id]
[2017-11-05 16:46:00.757] -- [TRACE] -- [main >>>> BaseJdbcLogger.java:151 >>>> Method = trace] -- [Content = <==        Row: 1, YouMeek1, e10adc3949ba59abbe56e057f20f883e, 0, N, 2016-02-24 00:12:23.0, 0, 0, 0, Y, Y, 0, e10adc3949ba59abbe56e057f20f883e, , 张觉恩1, 363379441@qq.com, 13800000001, , ]
[2017-11-05 16:46:00.764] -- [DEBUG] -- [main >>>> BaseJdbcLogger.java:145 >>>> Method = debug] -- [Content = <==      Total: 1]
[2017-11-05 16:46:00.765] -- [DEBUG] -- [main >>>> SqlSessionUtils.java:188 >>>> Method = closeSqlSession] -- [Content = Releasing transactional SqlSession [org.apache.ibatis.session.defaults.DefaultSqlSession@20f12539]]
[2017-11-05 16:46:00.766] -- [DEBUG] -- [main >>>> SqlSessionUtils.java:312 >>>> Method = beforeCompletion] -- [Content = Transaction synchronization deregistering SqlSession [org.apache.ibatis.session.defaults.DefaultSqlSession@20f12539]]
[2017-11-05 16:46:00.767] -- [DEBUG] -- [main >>>> SqlSessionUtils.java:317 >>>> Method = beforeCompletion] -- [Content = Transaction synchronization closing SqlSession [org.apache.ibatis.session.defaults.DefaultSqlSession@20f12539]]
[2017-11-05 21:22:36.643] -- [DEBUG] -- [main >>>> LogFactory.java:135 >>>> Method = setImplementation] -- [Content = Logging initialized using 'class org.apache.ibatis.logging.slf4j.Slf4jImpl' adapter.]
[2017-11-05 21:22:36.728] -- [DEBUG] -- [main >>>> SqlSessionFactoryBean.java:458 >>>> Method = buildSqlSessionFactory] -- [Content = Parsed configuration file: 'class path resource [mybatis/mybatis-config.xml]']
[2017-11-05 21:22:36.792] -- [DEBUG] -- [main >>>> SqlSessionFactoryBean.java:490 >>>> Method = buildSqlSessionFactory] -- [Content = Parsed mapper file: 'file [/ideaProject/Basic-Single-Module-SSM-master/target/classes/module/user/mapper/SysUserMapper.xml]']
[2017-11-05 21:22:36.946] -- [DEBUG] -- [main >>>> SqlSessionUtils.java:99 >>>> Method = getSqlSession] -- [Content = Creating a new SqlSession]
[2017-11-05 21:22:36.950] -- [DEBUG] -- [main >>>> SqlSessionUtils.java:130 >>>> Method = registerSessionHolder] -- [Content = Registering transaction synchronization for SqlSession [org.apache.ibatis.session.defaults.DefaultSqlSession@20f12539]]
[2017-11-05 21:22:36.962] -- [DEBUG] -- [main >>>> SpringManagedTransaction.java:87 >>>> Method = openConnection] -- [Content = JDBC Connection [com.alibaba.druid.proxy.jdbc.ConnectionProxyImpl@607fbe09] will be managed by Spring]
[2017-11-05 21:22:36.967] -- [DEBUG] -- [main >>>> BaseJdbcLogger.java:145 >>>> Method = debug] -- [Content = ==>  Preparing: select `sys_user_id`, `sys_user_login_name`, `sys_user_login_password`, `sys_user_status`, `sys_user_is_delete`, `sys_user_register_datetime`, `sys_user_register_source`, `sys_user_type`, `sys_user_sex`, `sys_user_is_email_active`, `sys_user_is_mobile_active`, `sys_user_register_type`, `sys_user_pay_passwrod`, `sys_user_icon`, `sys_user_real_name`, `sys_user_email`, `sys_user_mobile`, `sys_user_weibo_id`, `sys_user_qq_id` from sys_user where `sys_user_id` = ? ]
[2017-11-05 21:22:36.997] -- [DEBUG] -- [main >>>> BaseJdbcLogger.java:145 >>>> Method = debug] -- [Content = ==> Parameters: 1(Long)]
[2017-11-05 21:22:37.014] -- [TRACE] -- [main >>>> BaseJdbcLogger.java:151 >>>> Method = trace] -- [Content = <==    Columns: sys_user_id, sys_user_login_name, sys_user_login_password, sys_user_status, sys_user_is_delete, sys_user_register_datetime, sys_user_register_source, sys_user_type, sys_user_sex, sys_user_is_email_active, sys_user_is_mobile_active, sys_user_register_type, sys_user_pay_passwrod, sys_user_icon, sys_user_real_name, sys_user_email, sys_user_mobile, sys_user_weibo_id, sys_user_qq_id]
[2017-11-05 21:22:37.018] -- [TRACE] -- [main >>>> BaseJdbcLogger.java:151 >>>> Method = trace] -- [Content = <==        Row: 1, YouMeek1, e10adc3949ba59abbe56e057f20f883e, 0, N, 2016-02-24 00:12:23.0, 0, 0, 0, Y, Y, 0, e10adc3949ba59abbe56e057f20f883e, , 张觉恩1, 363379441@qq.com, 13800000001, , ]
[2017-11-05 21:22:37.023] -- [DEBUG] -- [main >>>> BaseJdbcLogger.java:145 >>>> Method = debug] -- [Content = <==      Total: 1]
[2017-11-05 21:22:37.024] -- [DEBUG] -- [main >>>> SqlSessionUtils.java:188 >>>> Method = closeSqlSession] -- [Content = Releasing transactional SqlSession [org.apache.ibatis.session.defaults.DefaultSqlSession@20f12539]]
[2017-11-05 21:22:37.024] -- [DEBUG] -- [main >>>> SqlSessionUtils.java:312 >>>> Method = beforeCompletion] -- [Content = Transaction synchronization deregistering SqlSession [org.apache.ibatis.session.defaults.DefaultSqlSession@20f12539]]
[2017-11-05 21:22:37.025] -- [DEBUG] -- [main >>>> SqlSessionUtils.java:317 >>>> Method = beforeCompletion] -- [Content = Transaction synchronization closing SqlSession [org.apache.ibatis.session.defaults.DefaultSqlSession@20f12539]]
[2017-11-05 21:22:57.839] -- [DEBUG] -- [localhost-startStop-1 >>>> LogFactory.java:135 >>>> Method = setImplementation] -- [Content = Logging initialized using 'class org.apache.ibatis.logging.slf4j.Slf4jImpl' adapter.]
[2017-11-05 21:22:57.904] -- [DEBUG] -- [localhost-startStop-1 >>>> SqlSessionFactoryBean.java:458 >>>> Method = buildSqlSessionFactory] -- [Content = Parsed configuration file: 'class path resource [mybatis/mybatis-config.xml]']
[2017-11-05 21:22:57.967] -- [DEBUG] -- [localhost-startStop-1 >>>> SqlSessionFactoryBean.java:490 >>>> Method = buildSqlSessionFactory] -- [Content = Parsed mapper file: 'file [/ideaProject/Basic-Single-Module-SSM-master/target/classes/module/user/mapper/SysUserMapper.xml]']
